# JRE version: Java(TM) SE Runtime Environment (8.0_40-b26) (build 1.8.0_40-b26)
# Java VM: Java HotSpot(TM) 64-Bit Server VM (25.40-b25 mixed mode bsd-amd64 compressed oops)
Heap:
 PSYoungGen      total 70144K, used 44194K [0x0000000795580000, 0x000000079aa00000, 0x00000007c0000000)
  eden space 65024K, 60% used [0x0000000795580000,0x0000000797babbd0,0x0000000799500000)
  from space 5120K, 99% used [0x0000000799680000,0x0000000799b7cf80,0x0000000799b80000)
  to   space 10752K, 0% used [0x0000000799f80000,0x0000000799f80000,0x000000079aa00000)
 ParOldGen       total 58368K, used 12384K [0x0000000740000000, 0x0000000743900000, 0x0000000795580000)
  object space 58368K, 21% used [0x0000000740000000,0x0000000740c18370,0x0000000743900000)
 Metaspace       used 31742K, capacity 33292K, committed 33536K, reserved 1079296K
  class space    used 4323K, capacity 4583K, committed 4608K, reserved 1048576K
GC Heap History (10 events):
Event: 2.232 GC heap before
{Heap before GC invocations=2 (full 0):
 PSYoungGen      total 38400K, used 37770K [0x0000000795580000, 0x0000000798000000, 0x00000007c0000000)
  eden space 33280K, 100% used [0x0000000795580000,0x0000000797600000,0x0000000797600000)
  from space 5120K, 87% used [0x0000000797600000,0x0000000797a62bb8,0x0000000797b00000)
  to   space 5120K, 0% used [0x0000000797b00000,0x0000000797b00000,0x0000000798000000)
 ParOldGen       total 87552K, used 16K [0x0000000740000000, 0x0000000745580000, 0x0000000795580000)
  object space 87552K, 0% used [0x0000000740000000,0x0000000740004000,0x0000000745580000)
 Metaspace       used 18856K, capacity 19228K, committed 19328K, reserved 1067008K
  class space    used 2270K, capacity 2408K, committed 2432K, reserved 1048576K
Event: 2.246 GC heap after
Heap after GC invocations=2 (full 0):
 PSYoungGen      total 38400K, used 5091K [0x0000000795580000, 0x000000079a080000, 0x00000007c0000000)
  eden space 33280K, 0% used [0x0000000795580000,0x0000000795580000,0x0000000797600000)
  from space 5120K, 99% used [0x0000000797b00000,0x0000000797ff8e80,0x0000000798000000)
  to   space 5120K, 0% used [0x0000000797600000,0x0000000797600000,0x0000000797b00000)
 ParOldGen       total 87552K, used 1858K [0x0000000740000000, 0x0000000745580000, 0x0000000795580000)
  object space 87552K, 2% used [0x0000000740000000,0x00000007401d0b10,0x0000000745580000)
 Metaspace       used 18856K, capacity 19228K, committed 19328K, reserved 1067008K
  class space    used 2270K, capacity 2408K, committed 2432K, reserved 1048576K
}
Event: 2.446 GC heap before
{Heap before GC invocations=3 (full 0):
 PSYoungGen      total 38400K, used 11635K [0x0000000795580000, 0x000000079a080000, 0x00000007c0000000)
  eden space 33280K, 19% used [0x0000000795580000,0x0000000795be3fa8,0x0000000797600000)
  from space 5120K, 99% used [0x0000000797b00000,0x0000000797ff8e80,0x0000000798000000)
  to   space 5120K, 0% used [0x0000000797600000,0x0000000797600000,0x0000000797b00000)
 ParOldGen       total 87552K, used 1858K [0x0000000740000000, 0x0000000745580000, 0x0000000795580000)
  object space 87552K, 2% used [0x0000000740000000,0x00000007401d0b10,0x0000000745580000)
 Metaspace       used 20678K, capacity 21112K, committed 21248K, reserved 1067008K
  class space    used 2558K, capacity 2698K, committed 2816K, reserved 1048576K
Event: 2.454 GC heap after
Heap after GC invocations=3 (full 0):
 PSYoungGen      total 38400K, used 5105K [0x0000000795580000, 0x000000079a080000, 0x00000007c0000000)
  eden space 33280K, 0% used [0x0000000795580000,0x0000000795580000,0x0000000797600000)
  from space 5120K, 99% used [0x0000000797600000,0x0000000797afc4c0,0x0000000797b00000)
  to   space 5120K, 0% used [0x0000000799b80000,0x0000000799b80000,0x000000079a080000)
 ParOldGen       total 87552K, used 1970K [0x0000000740000000, 0x0000000745580000, 0x0000000795580000)
  object space 87552K, 2% used [0x0000000740000000,0x00000007401ecb10,0x0000000745580000)
 Metaspace       used 20678K, capacity 21112K, committed 21248K, reserved 1067008K
  class space    used 2558K, capacity 2698K, committed 2816K, reserved 1048576K
}
Event: 2.454 GC heap before
{Heap before GC invocations=4 (full 1):
 PSYoungGen      total 38400K, used 5105K [0x0000000795580000, 0x000000079a080000, 0x00000007c0000000)
  eden space 33280K, 0% used [0x0000000795580000,0x0000000795580000,0x0000000797600000)
  from space 5120K, 99% used [0x0000000797600000,0x0000000797afc4c0,0x0000000797b00000)
  to   space 5120K, 0% used [0x0000000799b80000,0x0000000799b80000,0x000000079a080000)
 ParOldGen       total 87552K, used 1970K [0x0000000740000000, 0x0000000745580000, 0x0000000795580000)
  object space 87552K, 2% used [0x0000000740000000,0x00000007401ecb10,0x0000000745580000)
 Metaspace       used 20678K, capacity 21112K, committed 21248K, reserved 1067008K
  class space    used 2558K, capacity 2698K, committed 2816K, reserved 1048576K
Event: 2.504 GC heap after
Heap after GC invocations=4 (full 1):
 PSYoungGen      total 38400K, used 0K [0x0000000795580000, 0x000000079a080000, 0x00000007c0000000)
  eden space 33280K, 0% used [0x0000000795580000,0x0000000795580000,0x0000000797600000)
  from space 5120K, 0% used [0x0000000797600000,0x0000000797600000,0x0000000797b00000)
  to   space 5120K, 0% used [0x0000000799b80000,0x0000000799b80000,0x000000079a080000)
 ParOldGen       total 58368K, used 5235K [0x0000000740000000, 0x0000000743900000, 0x0000000795580000)
  object space 58368K, 8% used [0x0000000740000000,0x000000074051cd68,0x0000000743900000)
 Metaspace       used 20678K, capacity 21112K, committed 21248K, reserved 1067008K
  class space    used 2558K, capacity 2698K, committed 2816K, reserved 1048576K
}
Event: 5.756 GC heap before
{Heap before GC invocations=5 (full 1):
 PSYoungGen      total 38400K, used 33280K [0x0000000795580000, 0x000000079a080000, 0x00000007c0000000)
  eden space 33280K, 100% used [0x0000000795580000,0x0000000797600000,0x0000000797600000)
  from space 5120K, 0% used [0x0000000797600000,0x0000000797600000,0x0000000797b00000)
  to   space 5120K, 0% used [0x0000000799b80000,0x0000000799b80000,0x000000079a080000)
 ParOldGen       total 58368K, used 5235K [0x0000000740000000, 0x0000000743900000, 0x0000000795580000)
  object space 58368K, 8% used [0x0000000740000000,0x000000074051cd68,0x0000000743900000)
 Metaspace       used 26770K, capacity 27664K, committed 28032K, reserved 1073152K
  class space    used 3648K, capacity 3851K, committed 3968K, reserved 1048576K
Event: 5.767 GC heap after
Heap after GC invocations=5 (full 1):
 PSYoungGen      total 52736K, used 5098K [0x0000000795580000, 0x000000079a080000, 0x00000007c0000000)
  eden space 47616K, 0% used [0x0000000795580000,0x0000000795580000,0x0000000798400000)
  from space 5120K, 99% used [0x0000000799b80000,0x000000079a07aa78,0x000000079a080000)
  to   space 5120K, 0% used [0x0000000799680000,0x0000000799680000,0x0000000799b80000)
 ParOldGen       total 58368K, used 7363K [0x0000000740000000, 0x0000000743900000, 0x0000000795580000)
  object space 58368K, 12% used [0x0000000740000000,0x0000000740730f40,0x0000000743900000)
 Metaspace       used 26770K, capacity 27664K, committed 28032K, reserved 1073152K
  class space    used 3648K, capacity 3851K, committed 3968K, reserved 1048576K
}
Event: 23.800 GC heap before
{Heap before GC invocations=6 (full 1):
 PSYoungGen      total 52736K, used 52714K [0x0000000795580000, 0x000000079a080000, 0x00000007c0000000)
  eden space 47616K, 100% used [0x0000000795580000,0x0000000798400000,0x0000000798400000)
  from space 5120K, 99% used [0x0000000799b80000,0x000000079a07aa78,0x000000079a080000)
  to   space 5120K, 0% used [0x0000000799680000,0x0000000799680000,0x0000000799b80000)
 ParOldGen       total 58368K, used 7363K [0x0000000740000000, 0x0000000743900000, 0x0000000795580000)
  object space 58368K, 12% used [0x0000000740000000,0x0000000740730f40,0x0000000743900000)
 Metaspace       used 30914K, capacity 32364K, committed 32512K, reserved 1077248K
  class space    used 4262K, capacity 4519K, committed 4608K, reserved 1048576K
Event: 23.815 GC heap after
Heap after GC invocations=6 (full 1):
 PSYoungGen      total 70144K, used 5107K [0x0000000795580000, 0x000000079aa00000, 0x00000007c0000000)
  eden space 65024K, 0% used [0x0000000795580000,0x0000000795580000,0x0000000799500000)
  from space 5120K, 99% used [0x0000000799680000,0x0000000799b7cf80,0x0000000799b80000)
  to   space 10752K, 0% used [0x0000000799f80000,0x0000000799f80000,0x000000079aa00000)
 ParOldGen       total 58368K, used 12384K [0x0000000740000000, 0x0000000743900000, 0x0000000795580000)
  object space 58368K, 21% used [0x0000000740000000,0x0000000740c18370,0x0000000743900000)
 Metaspace       used 30914K, capacity 32364K, committed 32512K, reserved 1077248K
  class space    used 4262K, capacity 4519K, committed 4608K, reserved 1048576K
}

